[
  {
    "id": "wazuh-amb-pwchange-001",
    "source": "wazuh",
    "timestamp": "2026-07-14T08:55:12Z",
    "payload": {
      "id": "wazuh-amb-pwchange-001",
      "timestamp": "2026-07-14T08:55:12Z",
      "agent": {
        "id": "003",
        "name": "dc-01",
        "ip": "10.0.1.10",
        "os": {
          "name": "Windows Server 2022"
        }
      },
      "rule": {
        "id": "60122",
        "level": 5,
        "description": "Windows: Logon failure - unknown user or bad password.",
        "groups": [
          "windows",
          "windows_security",
          "authentication_failed"
        ]
      },
      "data": {
        "win": {
          "system": {
            "providerName": "Microsoft-Windows-Security-Auditing",
            "eventID": "4625",
            "computer": "dc-01.corp.internal"
          },
          "eventdata": {
            "targetUserName": "lchen",
            "targetDomainName": "CORP",
            "logonType": "3",
            "status": "0xc000006a",
            "workstationName": "WS-ENG-042",
            "ipAddress": "10.0.3.42"
          }
        },
        "srcip": "10.0.3.42"
      },
      "full_log": "Windows security event 4625: bad password for CORP\\lchen from 10.0.3.42 (WS-ENG-042)"
    }
  },
  {
    "id": "wazuh-amb-pwchange-002",
    "source": "wazuh",
    "timestamp": "2026-07-14T08:55:41Z",
    "payload": {
      "id": "wazuh-amb-pwchange-002",
      "timestamp": "2026-07-14T08:55:41Z",
      "agent": {
        "id": "003",
        "name": "dc-01",
        "ip": "10.0.1.10",
        "os": {
          "name": "Windows Server 2022"
        }
      },
      "rule": {
        "id": "60122",
        "level": 5,
        "description": "Windows: Logon failure - unknown user or bad password.",
        "groups": [
          "windows",
          "windows_security",
          "authentication_failed"
        ]
      },
      "data": {
        "win": {
          "system": {
            "providerName": "Microsoft-Windows-Security-Auditing",
            "eventID": "4625",
            "computer": "dc-01.corp.internal"
          },
          "eventdata": {
            "targetUserName": "lchen",
            "targetDomainName": "CORP",
            "logonType": "3",
            "status": "0xc000006a",
            "workstationName": "WS-ENG-042",
            "ipAddress": "10.0.3.42"
          }
        },
        "srcip": "10.0.3.42"
      },
      "full_log": "Windows security event 4625: bad password for CORP\\lchen from 10.0.3.42 (WS-ENG-042)"
    }
  },
  {
    "id": "wazuh-amb-pwchange-003",
    "source": "wazuh",
    "timestamp": "2026-07-14T08:56:20Z",
    "payload": {
      "id": "wazuh-amb-pwchange-003",
      "timestamp": "2026-07-14T08:56:20Z",
      "agent": {
        "id": "003",
        "name": "dc-01",
        "ip": "10.0.1.10",
        "os": {
          "name": "Windows Server 2022"
        }
      },
      "rule": {
        "id": "60122",
        "level": 5,
        "description": "Windows: Logon failure - unknown user or bad password.",
        "groups": [
          "windows",
          "windows_security",
          "authentication_failed"
        ]
      },
      "data": {
        "win": {
          "system": {
            "providerName": "Microsoft-Windows-Security-Auditing",
            "eventID": "4625",
            "computer": "dc-01.corp.internal"
          },
          "eventdata": {
            "targetUserName": "lchen",
            "targetDomainName": "CORP",
            "logonType": "3",
            "status": "0xc000006a",
            "workstationName": "WS-ENG-042",
            "ipAddress": "10.0.3.42"
          }
        },
        "srcip": "10.0.3.42"
      },
      "full_log": "Windows security event 4625: bad password for CORP\\lchen from 10.0.3.42 (WS-ENG-042)"
    }
  },
  {
    "id": "wazuh-amb-pwchange-004",
    "source": "wazuh",
    "timestamp": "2026-07-14T08:58:03Z",
    "payload": {
      "id": "wazuh-amb-pwchange-004",
      "timestamp": "2026-07-14T08:58:03Z",
      "agent": {
        "id": "003",
        "name": "dc-01",
        "ip": "10.0.1.10",
        "os": {
          "name": "Windows Server 2022"
        }
      },
      "rule": {
        "id": "60117",
        "level": 6,
        "description": "Windows: An attempt was made to change an account's password.",
        "groups": [
          "windows",
          "windows_security",
          "account_changed"
        ],
        "mitre": {
          "id": [
            "T1098"
          ],
          "tactic": [
            "Persistence"
          ],
          "technique": [
            "Account Manipulation"
          ]
        }
      },
      "data": {
        "win": {
          "system": {
            "providerName": "Microsoft-Windows-Security-Auditing",
            "eventID": "4723",
            "computer": "dc-01.corp.internal"
          },
          "eventdata": {
            "targetUserName": "lchen",
            "targetDomainName": "CORP",
            "subjectUserName": "lchen",
            "ipAddress": "10.0.3.42"
          }
        },
        "srcip": "10.0.3.42"
      },
      "full_log": "Windows security event 4723: CORP\\lchen changed their own password from 10.0.3.42"
    }
  }
]
