[
  {
    "id": "wazuh-4769-rc4-spn-001",
    "source": "wazuh",
    "timestamp": "2026-07-25T11:30:04Z",
    "payload": {
      "id": "wazuh-4769-rc4-spn-001",
      "timestamp": "2026-07-25T11:30:04Z",
      "agent": {
        "id": "003",
        "name": "dc-prod-003",
        "ip": "10.0.1.3",
        "os": {
          "name": "Windows Server 2019"
        }
      },
      "manager": {
        "name": "wazuh-manager-01"
      },
      "rule": {
        "id": "92600",
        "level": 10,
        "description": "Kerberos service ticket requested with RC4 encryption for a user-account SPN",
        "groups": [
          "windows",
          "kerberos",
          "credential_access"
        ],
        "mitre": {
          "id": [
            "T1558.003"
          ],
          "tactic": [
            "Credential Access"
          ],
          "technique": [
            "Kerberoasting"
          ]
        }
      },
      "data": {
        "win": {
          "system": {
            "providerName": "Microsoft-Windows-Security-Auditing",
            "eventID": "4769",
            "computer": "dc-prod-003"
          },
          "eventdata": {
            "targetUserName": "wkellerman@corp.example.com",
            "serviceName": "MSSQLSvc-fin",
            "ticketEncryptionType": "0x17",
            "ticketOptions": "0x40810000",
            "ipAddress": "10.0.4.31",
            "status": "0x0"
          }
        },
        "dstuser": "wkellerman",
        "srcip": "10.0.4.31",
        "dstip": "10.0.1.3"
      },
      "full_log": "Windows EventID 4769: TGS for SPN MSSQLSvc-fin requested by wkellerman from 10.0.4.31 with encryption type 0x17 (RC4-HMAC)"
    }
  },
  {
    "id": "wazuh-4769-rc4-spn-002",
    "source": "wazuh",
    "timestamp": "2026-07-25T11:30:07Z",
    "payload": {
      "id": "wazuh-4769-rc4-spn-002",
      "timestamp": "2026-07-25T11:30:07Z",
      "agent": {
        "id": "003",
        "name": "dc-prod-003",
        "ip": "10.0.1.3",
        "os": {
          "name": "Windows Server 2019"
        }
      },
      "rule": {
        "id": "92600",
        "level": 10,
        "description": "Kerberos service ticket requested with RC4 encryption for a user-account SPN",
        "groups": [
          "windows",
          "kerberos",
          "credential_access"
        ],
        "mitre": {
          "id": [
            "T1558.003"
          ],
          "tactic": [
            "Credential Access"
          ],
          "technique": [
            "Kerberoasting"
          ]
        }
      },
      "data": {
        "win": {
          "system": {
            "providerName": "Microsoft-Windows-Security-Auditing",
            "eventID": "4769",
            "computer": "dc-prod-003"
          },
          "eventdata": {
            "targetUserName": "wkellerman@corp.example.com",
            "serviceName": "HTTP-intranet",
            "ticketEncryptionType": "0x17",
            "ticketOptions": "0x40810000",
            "ipAddress": "10.0.4.31",
            "status": "0x0"
          }
        },
        "dstuser": "wkellerman",
        "srcip": "10.0.4.31",
        "dstip": "10.0.1.3"
      },
      "full_log": "Windows EventID 4769: TGS for SPN HTTP-intranet requested by wkellerman from 10.0.4.31 with encryption type 0x17 (RC4-HMAC)"
    }
  },
  {
    "id": "wazuh-4769-rc4-spn-003",
    "source": "wazuh",
    "timestamp": "2026-07-25T11:30:11Z",
    "payload": {
      "id": "wazuh-4769-rc4-spn-003",
      "timestamp": "2026-07-25T11:30:11Z",
      "agent": {
        "id": "003",
        "name": "dc-prod-003",
        "ip": "10.0.1.3",
        "os": {
          "name": "Windows Server 2019"
        }
      },
      "rule": {
        "id": "92601",
        "level": 12,
        "description": "Kerberoasting: 23 RC4 service tickets for distinct user-account SPNs requested by one principal in 12 seconds",
        "groups": [
          "windows",
          "kerberos",
          "credential_access"
        ],
        "mitre": {
          "id": [
            "T1558.003"
          ],
          "tactic": [
            "Credential Access"
          ],
          "technique": [
            "Kerberoasting"
          ]
        }
      },
      "data": {
        "win": {
          "system": {
            "providerName": "Microsoft-Windows-Security-Auditing",
            "eventID": "4769",
            "computer": "dc-prod-003"
          },
          "eventdata": {
            "targetUserName": "wkellerman@corp.example.com",
            "serviceName": "MSSQLSvc-hr,MSSQLSvc-crm,HTTP-reports,CIFS-archive",
            "ticketEncryptionType": "0x17",
            "ticketOptions": "0x40810000",
            "ipAddress": "10.0.4.31",
            "status": "0x0",
            "distinct_spns": "23"
          }
        },
        "dstuser": "wkellerman",
        "srcip": "10.0.4.31",
        "dstip": "10.0.1.3"
      },
      "full_log": "Kerberoasting pattern on dc-prod-003: 23 distinct user-account SPNs requested with RC4-HMAC by wkellerman from 10.0.4.31 within 12 seconds"
    }
  }
]
